app/build/intermediates/manifest_merge_blame_file/prodRelease/manifest-merger-blame-prod-release-report.txt
1<?xml version="1.0" encoding="utf-8"?>
2<manifest xmlns:android="http://schemas.android.com/apk/res/android"
3    package="com.movae.passageiro"
4    android:versionCode="102"
5    android:versionName="1.0.4" >
6
7    <uses-sdk
8        android:minSdkVersion="21"
8-->src\main\AndroidManifest.xml
9        android:targetSdkVersion="30" />
9-->src\main\AndroidManifest.xml
10
11    <uses-feature
11-->src\main\AndroidManifest.xml:6:5-8:36
12        android:name="android.hardware.microphone"
12-->src\main\AndroidManifest.xml:7:9-51
13        android:required="false" />
13-->src\main\AndroidManifest.xml:8:9-33
14
15    <uses-permission android:name="android.permission.ACCESS_ASSISTED_GPS" />
15-->src\main\AndroidManifest.xml:10:5-78
15-->src\main\AndroidManifest.xml:10:22-75
16    <uses-permission android:name="android.permission.ACCESS_LOCATION" />
16-->src\main\AndroidManifest.xml:11:5-74
16-->src\main\AndroidManifest.xml:11:22-71
17    <uses-permission android:name="android.permission.ACCESS_GPS" />
17-->src\main\AndroidManifest.xml:12:5-69
17-->src\main\AndroidManifest.xml:12:22-66
18    <uses-permission android:name="android.permission.RECORD_AUDIO" />
18-->src\main\AndroidManifest.xml:13:5-71
18-->src\main\AndroidManifest.xml:13:22-68
19    <uses-permission android:name="android.permission.READ_PHONE_STATE" />
19-->src\main\AndroidManifest.xml:14:5-75
19-->src\main\AndroidManifest.xml:14:22-72
20    <uses-permission android:name="android.permission.MODIFY_AUDIO_SETTINGS" />
20-->src\main\AndroidManifest.xml:15:5-80
20-->src\main\AndroidManifest.xml:15:22-77
21    <uses-permission android:name="android.permission.INTERNET" /> <!-- <permission android:name="android.permission.INTERNET" /> -->
21-->src\main\AndroidManifest.xml:16:5-67
21-->src\main\AndroidManifest.xml:16:22-64
22    <uses-permission android:name="android.permission.WRITE_EXTERNAL_STORAGE" />
22-->src\main\AndroidManifest.xml:17:5-81
22-->src\main\AndroidManifest.xml:17:22-78
23    <uses-permission android:name="android.permission.READ_EXTERNAL_STORAGE" />
23-->src\main\AndroidManifest.xml:18:5-80
23-->src\main\AndroidManifest.xml:18:22-77
24    <uses-permission android:name="android.permission.ACCESS_NETWORK_STATE" />
24-->src\main\AndroidManifest.xml:19:5-79
24-->src\main\AndroidManifest.xml:19:22-76
25    <uses-permission android:name="android.permission.ACCESS_FINE_LOCATION" />
25-->src\main\AndroidManifest.xml:20:5-79
25-->src\main\AndroidManifest.xml:20:22-76
26    <uses-permission android:name="android.permission.ACCESS_COARSE_LOCATION" />
26-->src\main\AndroidManifest.xml:21:5-81
26-->src\main\AndroidManifest.xml:21:22-78
27    <uses-permission android:name="android.permission.FLAG_GRANT_READ_URI_PERMISSION" />
27-->src\main\AndroidManifest.xml:22:5-89
27-->src\main\AndroidManifest.xml:22:22-86
28    <uses-permission android:name="android.permission.MANAGE_DOCUMENTS" />
28-->src\main\AndroidManifest.xml:23:5-75
28-->src\main\AndroidManifest.xml:23:22-72
29    <uses-permission android:name="android.permission.SYSTEM_ALERT_WINDOW" />
29-->src\main\AndroidManifest.xml:24:5-78
29-->src\main\AndroidManifest.xml:24:22-75
30    <uses-permission android:name="android.permission.FOREGROUND_SERVICE" /> <!-- Required for new Book for some else feature -->
30-->src\main\AndroidManifest.xml:25:5-77
30-->src\main\AndroidManifest.xml:25:22-74
31    <uses-permission android:name="android.permission.READ_CONTACTS" /> <!-- <uses-permission android:name="android.permission.ACCESS_BACKGROUND_LOCATION"/> -->
31-->src\main\AndroidManifest.xml:26:5-72
31-->src\main\AndroidManifest.xml:26:22-69
32    <!-- <permission> -->
33    <!-- android:name="com.luis.rider.googlemapsv2.permission.MAPS_RECEIVE" -->
34    <!-- android:protectionLevel="signature" /> -->
35    <uses-permission android:name="android.permission.CAMERA" />
35-->src\main\AndroidManifest.xml:30:5-65
35-->src\main\AndroidManifest.xml:30:22-62
36    <uses-permission android:name="android.permission.VIBRATE" />
36-->src\main\AndroidManifest.xml:31:5-66
36-->src\main\AndroidManifest.xml:31:22-63
37    <uses-permission android:name="android.permission.GET_TASKS" />
37-->src\main\AndroidManifest.xml:32:5-68
37-->src\main\AndroidManifest.xml:32:22-65
38
39    <uses-feature
39-->src\main\AndroidManifest.xml:34:5-36:35
40        android:name="android.hardware.camera"
40-->src\main\AndroidManifest.xml:35:9-47
41        android:required="true" />
41-->src\main\AndroidManifest.xml:36:9-32
42    <uses-feature
42-->src\main\AndroidManifest.xml:37:5-39:35
43        android:name="android.hardware.camera.autofocus"
43-->src\main\AndroidManifest.xml:38:9-57
44        android:required="true" />
44-->src\main\AndroidManifest.xml:39:9-32
45    <uses-feature
45-->src\main\AndroidManifest.xml:40:5-42:35
46        android:name="android.hardware.location.gps"
46-->src\main\AndroidManifest.xml:41:9-53
47        android:required="true" />
47-->src\main\AndroidManifest.xml:42:9-32
48
49    <uses-permission
49-->src\main\AndroidManifest.xml:44:5-46:47
50        android:name="com.luis.rider.googlemapsv2.permission.MAPS_RECEIVE"
50-->src\main\AndroidManifest.xml:45:9-75
51        android:protectionLevel="signature" />
51-->src\main\AndroidManifest.xml:46:9-44
52
53    <uses-feature
53-->src\main\AndroidManifest.xml:48:5-50:35
54        android:glEsVersion="0x00020000"
54-->src\main\AndroidManifest.xml:49:9-41
55        android:required="true" />
55-->src\main\AndroidManifest.xml:50:9-32
56
57    <uses-permission android:name="com.google.android.providers.gsf.permission.READ_GSERVICES" />
57-->src\main\AndroidManifest.xml:52:5-98
57-->src\main\AndroidManifest.xml:52:22-95
58    <uses-permission android:name="android.permission.WAKE_LOCK" />
58-->src\main\AndroidManifest.xml:53:5-68
58-->src\main\AndroidManifest.xml:53:22-65
59    <uses-permission android:name="com.google.android.c2dm.permission.RECEIVE" />
59-->src\main\AndroidManifest.xml:54:5-82
59-->src\main\AndroidManifest.xml:54:22-79
60    <uses-permission android:name="android.permission.RECEIVE_BOOT_COMPLETED" />
60-->src\main\AndroidManifest.xml:55:5-81
60-->src\main\AndroidManifest.xml:55:22-78
61    <uses-permission android:name="com.google.android.finsky.permission.BIND_GET_INSTALL_REFERRER_SERVICE" />
61-->[com.google.android.gms:play-services-measurement:17.2.1] AndroidManifest.xml:26:5-110
61-->[com.google.android.gms:play-services-measurement:17.2.1] AndroidManifest.xml:26:22-107
62
63    <application
63-->src\main\AndroidManifest.xml:57:5-496:19
64        android:name="com.general.files.MyApp"
64-->src\main\AndroidManifest.xml:58:9-47
65        android:allowBackup="true"
65-->src\main\AndroidManifest.xml:59:9-35
66        android:appComponentFactory="androidx.core.app.CoreComponentFactory"
66-->[androidx.core:core:1.0.0] AndroidManifest.xml:22:18-86
67        android:hardwareAccelerated="true"
67-->src\main\AndroidManifest.xml:60:9-43
68        android:icon="@mipmap/ic_launcher"
68-->src\main\AndroidManifest.xml:61:9-43
69        android:label="@string/app_name"
69-->src\main\AndroidManifest.xml:62:9-41
70        android:largeHeap="true"
70-->src\main\AndroidManifest.xml:63:9-33
71        android:networkSecurityConfig="@xml/network_security_config"
71-->src\main\AndroidManifest.xml:64:9-69
72        android:requestLegacyExternalStorage="true"
72-->src\main\AndroidManifest.xml:65:9-52
73        android:resizeableActivity="false"
73-->src\main\AndroidManifest.xml:66:9-43
74        android:supportsRtl="true"
74-->src\main\AndroidManifest.xml:67:9-35
75        android:theme="@style/AppCompatTheme" >
75-->src\main\AndroidManifest.xml:68:9-46
76        <activity android:name="com.melevicarbrasil.usuario.telafoodActivity" />
76-->src\main\AndroidManifest.xml:70:9-63
76-->src\main\AndroidManifest.xml:70:19-51
77
78        <uses-library
78-->src\main\AndroidManifest.xml:72:9-74:40
79            android:name="org.apache.http.legacy"
79-->src\main\AndroidManifest.xml:73:13-50
80            android:required="false" />
80-->src\main\AndroidManifest.xml:74:13-37
81
82        <activity android:name="com.melevicarbrasil.usuario.MenuSettingActivity" />
82-->src\main\AndroidManifest.xml:76:9-57
82-->src\main\AndroidManifest.xml:76:19-54
83        <activity android:name="com.melevicarbrasil.usuario.ProfilePaymentActivity" />
83-->src\main\AndroidManifest.xml:77:9-60
83-->src\main\AndroidManifest.xml:77:19-57
84        <activity
84-->src\main\AndroidManifest.xml:78:9-80:52
85            android:name="com.melevicarbrasil.usuario.UberXHomeActivity"
85-->src\main\AndroidManifest.xml:79:13-46
86            android:screenOrientation="portrait" />
86-->src\main\AndroidManifest.xml:80:13-49
87        <activity android:name="com.melevicarbrasil.usuario.MyProfileNewActivity" />
87-->src\main\AndroidManifest.xml:81:9-58
87-->src\main\AndroidManifest.xml:81:19-55
88        <activity
88-->src\main\AndroidManifest.xml:82:9-84:52
89            android:name="com.melevicarbrasil.usuario.DonationActivity"
89-->src\main\AndroidManifest.xml:83:13-45
90            android:screenOrientation="portrait" />
90-->src\main\AndroidManifest.xml:84:13-49
91        <activity
91-->src\main\AndroidManifest.xml:85:9-87:52
92            android:name="com.melevicarbrasil.usuario.PrescriptionHistoryImagesActivity"
92-->src\main\AndroidManifest.xml:86:13-62
93            android:screenOrientation="portrait" />
93-->src\main\AndroidManifest.xml:87:13-49
94        <activity
94-->src\main\AndroidManifest.xml:88:9-90:52
95            android:name="com.melevicarbrasil.usuario.PrescriptionActivity"
95-->src\main\AndroidManifest.xml:89:13-49
96            android:screenOrientation="portrait" />
96-->src\main\AndroidManifest.xml:90:13-49
97        <activity
97-->src\main\AndroidManifest.xml:91:9-93:52
98            android:name="com.melevicarbrasil.usuario.ProviderInfoActivity"
98-->src\main\AndroidManifest.xml:92:13-49
99            android:screenOrientation="portrait" />
99-->src\main\AndroidManifest.xml:93:13-49
100
101        <service
101-->src\main\AndroidManifest.xml:95:9-97:39
102            android:name="com.general.files.SinchService"
102-->src\main\AndroidManifest.xml:96:13-58
103            android:exported="true" />
103-->src\main\AndroidManifest.xml:97:13-36
104
105        <provider
106            android:name="androidx.core.content.FileProvider"
106-->src\main\AndroidManifest.xml:100:13-62
107            android:authorities="com.movae.passageiro.provider"
107-->src\main\AndroidManifest.xml:101:13-60
108            android:exported="false"
108-->src\main\AndroidManifest.xml:102:13-37
109            android:grantUriPermissions="true" >
109-->src\main\AndroidManifest.xml:103:13-47
110            <meta-data
110-->src\main\AndroidManifest.xml:104:13-106:63
111                android:name="android.support.FILE_PROVIDER_PATHS"
111-->src\main\AndroidManifest.xml:105:17-67
112                android:resource="@xml/file_provider_paths" />
112-->src\main\AndroidManifest.xml:106:17-60
113        </provider>
114
115        <meta-data
115-->src\main\AndroidManifest.xml:109:9-111:66
116            android:name="com.google.android.geo.API_KEY"
116-->src\main\AndroidManifest.xml:110:13-58
117            android:value="@string/google_android_geo_api_key" />
117-->src\main\AndroidManifest.xml:111:13-63
118        <meta-data
118-->src\main\AndroidManifest.xml:112:9-114:69
119            android:name="com.google.android.gms.version"
119-->src\main\AndroidManifest.xml:113:13-58
120            android:value="@integer/google_play_services_version" />
120-->src\main\AndroidManifest.xml:114:13-66
121
122        <receiver
122-->src\main\AndroidManifest.xml:116:9-123:20
123            android:name="com.general.files.AlarmReceiver"
123-->src\main\AndroidManifest.xml:117:13-59
124            android:enabled="false" >
124-->src\main\AndroidManifest.xml:118:13-36
125
126            <!-- <intent-filter> -->
127            <!-- <action android:name="android.intent.action.BOOT_COMPLETED" /> -->
128            <!-- </intent-filter> -->
129        </receiver>
130
131        <service android:name="com.melevicarbrasil.usuario.MyFirebaseMessagingService" >
131-->src\main\AndroidManifest.xml:125:9-130:19
131-->src\main\AndroidManifest.xml:125:18-60
132            <intent-filter>
132-->src\main\AndroidManifest.xml:126:13-129:29
133                <action android:name="com.google.firebase.MESSAGING_EVENT" />
133-->src\main\AndroidManifest.xml:127:17-78
133-->src\main\AndroidManifest.xml:127:25-75
134                <action android:name="com.google.firebase.INSTANCE_ID_EVENT" />
134-->src\main\AndroidManifest.xml:128:17-80
134-->src\main\AndroidManifest.xml:128:25-77
135            </intent-filter>
136        </service>
137        <!--
138 <service
139            android:name="com.general.files.MyBackGroundService"
140            android:enabled="true"
141            android:icon="@mipmap/ic_launcher"
142            android:label="Service Alert"
143            android:persistent="true" />
144        -->
145        <!--
146   <receiver
147            android:name=".StartServiceReceiver"
148            android:exported="true">
149            <intent-filter>
150                <action android:name="android.intent.action.BOOT_COMPLETED" />
151
152                <category android:name="android.intent.category.DEFAULT" />
153
154                <action android:name="android.intent.action.REBOOT" />
155                <action android:name="com.luis.rider.StartServiceReceiver" />
156                <action android:name="android.intent.action.BOOT_COMPLETED" />
157                <action android:name="android.intent.action.REBOOT" />
158                <action android:name="android.intent.action.BOOT_COMPLETED" />
159                <action android:name="android.intent.action.REBOOT" />
160                <action android:name="android.intent.action.BOOT_COMPLETED" />
161                <action android:name="android.intent.action.REBOOT" />
162            </intent-filter>
163        </receiver>
164        -->
165        <activity
165-->src\main\AndroidManifest.xml:159:9-161:52
166            android:name="com.twitter.sdk.android.core.identity.OAuthActivity"
166-->src\main\AndroidManifest.xml:160:13-79
167            android:configChanges="orientation|screenSize"
167-->[com.twitter.sdk.android:twitter-core:3.3.0] AndroidManifest.xml:30:13-59
168            android:excludeFromRecents="true"
168-->[com.twitter.sdk.android:twitter-core:3.3.0] AndroidManifest.xml:31:13-46
169            android:exported="false"
169-->[com.twitter.sdk.android:twitter-core:3.3.0] AndroidManifest.xml:32:13-37
170            android:screenOrientation="portrait" />
170-->src\main\AndroidManifest.xml:161:13-49
171        <activity
171-->src\main\AndroidManifest.xml:162:9-170:20
172            android:name="com.melevicarbrasil.usuario.LauncherActivity"
172-->src\main\AndroidManifest.xml:163:13-45
173            android:screenOrientation="portrait" >
173-->src\main\AndroidManifest.xml:164:13-49
174            <intent-filter>
174-->src\main\AndroidManifest.xml:165:13-169:29
175                <action android:name="android.intent.action.MAIN" />
175-->src\main\AndroidManifest.xml:166:17-69
175-->src\main\AndroidManifest.xml:166:25-66
176
177                <category android:name="android.intent.category.LAUNCHER" />
177-->src\main\AndroidManifest.xml:168:17-77
177-->src\main\AndroidManifest.xml:168:27-74
178            </intent-filter>
179        </activity>
180        <activity
180-->src\main\AndroidManifest.xml:171:9-173:52
181            android:name="com.melevicarbrasil.usuario.AppLoginActivity"
181-->src\main\AndroidManifest.xml:172:13-45
182            android:screenOrientation="portrait" />
182-->src\main\AndroidManifest.xml:173:13-49
183        <activity
183-->src\main\AndroidManifest.xml:174:9-176:52
184            android:name="com.melevicarbrasil.usuario.SelectCountryActivity"
184-->src\main\AndroidManifest.xml:175:13-50
185            android:screenOrientation="portrait" />
185-->src\main\AndroidManifest.xml:176:13-49
186        <activity
186-->src\main\AndroidManifest.xml:177:9-179:52
187            android:name="com.melevicarbrasil.usuario.MainActivity"
187-->src\main\AndroidManifest.xml:178:13-41
188            android:screenOrientation="portrait" />
188-->src\main\AndroidManifest.xml:179:13-49
189        <activity
189-->src\main\AndroidManifest.xml:180:9-182:52
190            android:name="com.melevicarbrasil.usuario.VerifyFbProfileActivity"
190-->src\main\AndroidManifest.xml:181:13-52
191            android:screenOrientation="portrait" />
191-->src\main\AndroidManifest.xml:182:13-49
192
193        <meta-data
193-->src\main\AndroidManifest.xml:184:9-186:55
194            android:name="com.facebook.sdk.ApplicationId"
194-->src\main\AndroidManifest.xml:185:13-58
195            android:value="@string/facebook_app_id" />
195-->src\main\AndroidManifest.xml:186:13-52
196
197        <activity
197-->src\main\AndroidManifest.xml:188:9-193:45
198            android:name="com.facebook.FacebookActivity"
198-->src\main\AndroidManifest.xml:189:13-57
199            android:configChanges="keyboard|keyboardHidden|screenLayout|screenSize|orientation"
199-->src\main\AndroidManifest.xml:190:13-96
200            android:label="@string/app_name"
200-->src\main\AndroidManifest.xml:191:13-45
201            android:theme="@style/FBtheme" />
201-->src\main\AndroidManifest.xml:192:13-43
202        <activity
202-->src\main\AndroidManifest.xml:194:9-196:52
203            android:name="com.melevicarbrasil.usuario.SearchPickupLocationActivity"
203-->src\main\AndroidManifest.xml:195:13-57
204            android:screenOrientation="portrait" />
204-->src\main\AndroidManifest.xml:196:13-49
205        <activity
205-->src\main\AndroidManifest.xml:197:9-199:52
206            android:name="com.melevicarbrasil.usuario.FareEstimateActivity"
206-->src\main\AndroidManifest.xml:198:13-49
207            android:screenOrientation="portrait" />
207-->src\main\AndroidManifest.xml:199:13-49
208        <activity
208-->src\main\AndroidManifest.xml:200:9-203:52
209            android:name="com.melevicarbrasil.usuario.MyProfileActivity"
209-->src\main\AndroidManifest.xml:201:13-46
210            android:exported="true"
210-->src\main\AndroidManifest.xml:202:13-36
211            android:screenOrientation="portrait" />
211-->src\main\AndroidManifest.xml:203:13-49
212        <activity
212-->src\main\AndroidManifest.xml:204:9-206:52
213            android:name="com.melevicarbrasil.usuario.StaticPageActivity"
213-->src\main\AndroidManifest.xml:205:13-47
214            android:screenOrientation="portrait" />
214-->src\main\AndroidManifest.xml:206:13-49
215        <activity
215-->src\main\AndroidManifest.xml:207:9-209:52
216            android:name="com.melevicarbrasil.usuario.ContactUsActivity"
216-->src\main\AndroidManifest.xml:208:13-46
217            android:screenOrientation="portrait" />
217-->src\main\AndroidManifest.xml:209:13-49
218        <activity
218-->src\main\AndroidManifest.xml:210:9-212:52
219            android:name="com.melevicarbrasil.usuario.HelpActivity"
219-->src\main\AndroidManifest.xml:211:13-41
220            android:screenOrientation="portrait" />
220-->src\main\AndroidManifest.xml:212:13-49
221        <activity
221-->src\main\AndroidManifest.xml:213:9-215:52
222            android:name="com.melevicarbrasil.usuario.QuestionAnswerActivity"
222-->src\main\AndroidManifest.xml:214:13-51
223            android:screenOrientation="portrait" />
223-->src\main\AndroidManifest.xml:215:13-49
224        <activity
224-->src\main\AndroidManifest.xml:216:9-219:53
225            android:name="com.melevicarbrasil.usuario.HistoryDetailActivity"
225-->src\main\AndroidManifest.xml:217:13-50
226            android:screenOrientation="portrait"
226-->src\main\AndroidManifest.xml:218:13-49
227            android:theme="@style/Theme.App.Base" />
227-->src\main\AndroidManifest.xml:219:13-50
228        <activity
228-->src\main\AndroidManifest.xml:220:9-222:52
229            android:name="com.melevicarbrasil.usuario.RatingActivity"
229-->src\main\AndroidManifest.xml:221:13-43
230            android:screenOrientation="portrait" />
230-->src\main\AndroidManifest.xml:222:13-49
231        <activity
231-->src\main\AndroidManifest.xml:223:9-225:52
232            android:name="com.melevicarbrasil.usuario.CardPaymentActivity"
232-->src\main\AndroidManifest.xml:224:13-48
233            android:screenOrientation="portrait" />
233-->src\main\AndroidManifest.xml:225:13-49
234        <activity
234-->src\main\AndroidManifest.xml:226:9-228:52
235            android:name="com.melevicarbrasil.usuario.EmergencyContactActivity"
235-->src\main\AndroidManifest.xml:227:13-53
236            android:screenOrientation="portrait" />
236-->src\main\AndroidManifest.xml:228:13-49
237        <activity
237-->src\main\AndroidManifest.xml:229:9-231:52
238            android:name="com.melevicarbrasil.usuario.ConfirmEmergencyTapActivity"
238-->src\main\AndroidManifest.xml:230:13-56
239            android:screenOrientation="portrait" />
239-->src\main\AndroidManifest.xml:231:13-49
240        <activity
240-->src\main\AndroidManifest.xml:232:9-234:52
241            android:name="com.melevicarbrasil.usuario.EnterDeliveryDetailsActivity"
241-->src\main\AndroidManifest.xml:233:13-57
242            android:screenOrientation="portrait" />
242-->src\main\AndroidManifest.xml:234:13-49
243        <activity
243-->src\main\AndroidManifest.xml:235:9-237:52
244            android:name="com.melevicarbrasil.usuario.MyWalletActivity"
244-->src\main\AndroidManifest.xml:236:13-45
245            android:screenOrientation="portrait" />
245-->src\main\AndroidManifest.xml:237:13-49
246        <activity
246-->src\main\AndroidManifest.xml:238:9-240:52
247            android:name="com.melevicarbrasil.usuario.MyWalletHistoryActivity"
247-->src\main\AndroidManifest.xml:239:13-52
248            android:screenOrientation="portrait" />
248-->src\main\AndroidManifest.xml:240:13-49
249        <activity
249-->src\main\AndroidManifest.xml:241:9-243:52
250            android:name="com.melevicarbrasil.usuario.InviteFriendsActivity"
250-->src\main\AndroidManifest.xml:242:13-50
251            android:screenOrientation="portrait" />
251-->src\main\AndroidManifest.xml:243:13-49
252        <activity
252-->src\main\AndroidManifest.xml:244:9-246:52
253            android:name="com.melevicarbrasil.usuario.VerifyInfoActivity"
253-->src\main\AndroidManifest.xml:245:13-47
254            android:screenOrientation="portrait" />
254-->src\main\AndroidManifest.xml:246:13-49
255        <activity
255-->src\main\AndroidManifest.xml:247:9-249:52
256            android:name="com.melevicarbrasil.usuario.UberXSelectServiceActivity"
256-->src\main\AndroidManifest.xml:248:13-55
257            android:screenOrientation="portrait" />
257-->src\main\AndroidManifest.xml:249:13-49
258        <activity
258-->src\main\AndroidManifest.xml:250:9-252:52
259            android:name="com.melevicarbrasil.usuario.UberXActivity"
259-->src\main\AndroidManifest.xml:251:13-42
260            android:screenOrientation="portrait" />
260-->src\main\AndroidManifest.xml:252:13-49
261        <activity
261-->src\main\AndroidManifest.xml:253:9-255:52
262            android:name="com.melevicarbrasil.usuario.OnGoingTripsActivity"
262-->src\main\AndroidManifest.xml:254:13-49
263            android:screenOrientation="portrait" />
263-->src\main\AndroidManifest.xml:255:13-49
264        <activity
264-->src\main\AndroidManifest.xml:256:9-258:52
265            android:name="com.melevicarbrasil.usuario.OnGoingTripDetailsActivity"
265-->src\main\AndroidManifest.xml:257:13-55
266            android:screenOrientation="portrait" />
266-->src\main\AndroidManifest.xml:258:13-49
267        <activity
267-->src\main\AndroidManifest.xml:259:9-261:52
268            android:name="com.melevicarbrasil.usuario.AppLoignRegisterActivity"
268-->src\main\AndroidManifest.xml:260:13-53
269            android:screenOrientation="portrait" />
269-->src\main\AndroidManifest.xml:261:13-49
270        <activity
270-->src\main\AndroidManifest.xml:262:9-264:52
271            android:name="com.melevicarbrasil.usuario.AccountverificationActivity"
271-->src\main\AndroidManifest.xml:263:13-56
272            android:screenOrientation="portrait" />
272-->src\main\AndroidManifest.xml:264:13-49
273        <activity
273-->src\main\AndroidManifest.xml:265:9-267:52
274            android:name="com.melevicarbrasil.usuario.SupportActivity"
274-->src\main\AndroidManifest.xml:266:13-44
275            android:screenOrientation="portrait" />
275-->src\main\AndroidManifest.xml:267:13-49
276        <activity
276-->src\main\AndroidManifest.xml:268:9-270:52
277            android:name="com.melevicarbrasil.usuario.FareBreakDownActivity"
277-->src\main\AndroidManifest.xml:269:13-50
278            android:screenOrientation="portrait" />
278-->src\main\AndroidManifest.xml:270:13-49
279        <activity
279-->src\main\AndroidManifest.xml:271:9-273:52
280            android:name="com.melevicarbrasil.usuario.ForgotPasswordActivity"
280-->src\main\AndroidManifest.xml:272:13-51
281            android:screenOrientation="portrait" />
281-->src\main\AndroidManifest.xml:273:13-49
282        <activity
282-->src\main\AndroidManifest.xml:274:9-276:52
283            android:name="com.melevicarbrasil.usuario.PrefranceActivity"
283-->src\main\AndroidManifest.xml:275:13-46
284            android:screenOrientation="portrait" />
284-->src\main\AndroidManifest.xml:276:13-49
285
286        <receiver
286-->src\main\AndroidManifest.xml:278:9-285:20
287            android:name="com.melevicarbrasil.usuario.FirebaseDataReceiver"
287-->src\main\AndroidManifest.xml:279:13-49
288            android:exported="true"
288-->src\main\AndroidManifest.xml:280:13-36
289            android:permission="com.google.android.c2dm.permission.SEND" >
289-->src\main\AndroidManifest.xml:281:13-73
290            <intent-filter>
290-->src\main\AndroidManifest.xml:282:13-284:29
291                <action android:name="com.google.android.c2dm.intent.RECEIVE" />
291-->src\main\AndroidManifest.xml:283:17-81
291-->src\main\AndroidManifest.xml:283:25-78
292            </intent-filter>
293        </receiver>
294
295        <activity
295-->src\main\AndroidManifest.xml:287:9-289:52
296            android:name="com.melevicarbrasil.usuario.ChatActivity"
296-->src\main\AndroidManifest.xml:288:13-41
297            android:screenOrientation="portrait" />
297-->src\main\AndroidManifest.xml:289:13-49
298        <activity
298-->src\main\AndroidManifest.xml:290:9-292:52
299            android:name="com.melevicarbrasil.usuario.SearchLocationActivity"
299-->src\main\AndroidManifest.xml:291:13-51
300            android:screenOrientation="portrait" />
300-->src\main\AndroidManifest.xml:292:13-49
301        <activity
301-->src\main\AndroidManifest.xml:293:9-295:52
302            android:name="com.melevicarbrasil.usuario.ListAddressActivity"
302-->src\main\AndroidManifest.xml:294:13-48
303            android:screenOrientation="portrait" />
303-->src\main\AndroidManifest.xml:295:13-49
304        <activity
304-->src\main\AndroidManifest.xml:296:9-298:52
305            android:name="com.melevicarbrasil.usuario.AddAddressActivity"
305-->src\main\AndroidManifest.xml:297:13-47
306            android:screenOrientation="portrait" />
306-->src\main\AndroidManifest.xml:298:13-49
307        <activity
307-->src\main\AndroidManifest.xml:299:9-301:52
308            android:name="com.melevicarbrasil.usuario.ScheduleDateSelectActivity"
308-->src\main\AndroidManifest.xml:300:13-55
309            android:screenOrientation="portrait" />
309-->src\main\AndroidManifest.xml:301:13-49
310        <activity
310-->src\main\AndroidManifest.xml:302:9-304:52
311            android:name="com.melevicarbrasil.usuario.UfxOrderDetailsActivity"
311-->src\main\AndroidManifest.xml:303:13-52
312            android:screenOrientation="portrait" />
312-->src\main\AndroidManifest.xml:304:13-49
313        <activity
313-->src\main\AndroidManifest.xml:305:9-307:52
314            android:name="com.melevicarbrasil.usuario.UfxPaymentActivity"
314-->src\main\AndroidManifest.xml:306:13-47
315            android:screenOrientation="portrait" />
315-->src\main\AndroidManifest.xml:307:13-49
316        <activity
316-->src\main\AndroidManifest.xml:308:9-310:52
317            android:name="com.melevicarbrasil.usuario.BookingSummaryActivity"
317-->src\main\AndroidManifest.xml:309:13-51
318            android:screenOrientation="portrait" />
318-->src\main\AndroidManifest.xml:310:13-49
319        <activity
319-->src\main\AndroidManifest.xml:311:9-313:52
320            android:name="com.melevicarbrasil.usuario.MaintenanceActivity"
320-->src\main\AndroidManifest.xml:312:13-48
321            android:screenOrientation="portrait" />
321-->src\main\AndroidManifest.xml:313:13-49
322        <activity
322-->src\main\AndroidManifest.xml:314:9-316:52
323            android:name="com.melevicarbrasil.usuario.Help_MainCategory"
323-->src\main\AndroidManifest.xml:315:13-46
324            android:screenOrientation="portrait" />
324-->src\main\AndroidManifest.xml:316:13-49
325        <activity
325-->src\main\AndroidManifest.xml:317:9-319:52
326            android:name="com.melevicarbrasil.usuario.Help_SubCategoryActivity"
326-->src\main\AndroidManifest.xml:318:13-53
327            android:screenOrientation="portrait" />
327-->src\main\AndroidManifest.xml:319:13-49
328        <activity
328-->src\main\AndroidManifest.xml:320:9-322:52
329            android:name="com.melevicarbrasil.usuario.Help_DetailsActivity"
329-->src\main\AndroidManifest.xml:321:13-49
330            android:screenOrientation="portrait" />
330-->src\main\AndroidManifest.xml:322:13-49
331        <activity
331-->src\main\AndroidManifest.xml:323:9-325:52
332            android:name="com.melevicarbrasil.usuario.RentalInfoActivity"
332-->src\main\AndroidManifest.xml:324:13-47